<?xml version="1.0" encoding="UTF-8"?>
<!-- Generated by org.testng.reporters.JUnitReportReporter -->
<testsuite hostname="Haritha" failures="0" tests="1" name="CrossParallelBrowserTesting" time="5.060" errors="0" timestamp="2024-09-04T11:35:05 CDT" skipped="0">
  <testcase classname="CrossParallelBrowserTesting" name="TestCrossParallel" time="5.060"/>
</testsuite> <!-- CrossParallelBrowserTesting -->
