<?xml version="1.0" encoding="UTF-8"?>
<!-- Generated by org.testng.reporters.JUnitReportReporter -->
<testsuite hostname="Haritha" failures="0" tests="1" name="com.qa.automationconcepts.tests.CrossParallelBrowserTestingAttempt1" time="5.493" errors="0" timestamp="2024-09-04T12:38:59 CDT" skipped="0">
  <testcase classname="com.qa.automationconcepts.tests.CrossParallelBrowserTestingAttempt1" name="crossparallel" time="5.493"/>
</testsuite> <!-- com.qa.automationconcepts.tests.CrossParallelBrowserTestingAttempt1 -->
