<?xml version="1.0" encoding="UTF-8"?>
<!-- Generated by org.testng.reporters.JUnitReportReporter -->
<testsuite hostname="Haritha" failures="0" tests="3" name="com.qa.automationconcepts.tests.CrossBrowserParallelTesting" time="14.565" errors="0" timestamp="2024-10-14T21:12:17 CDT" skipped="0">
  <testcase classname="com.qa.automationconcepts.tests.CrossBrowserParallelTesting" name="doCrossBrowserParallelTest" time="5.951"/>
  <testcase classname="com.qa.automationconcepts.tests.CrossBrowserParallelTesting" name="doCrossBrowserParallelTest" time="4.134"/>
  <testcase classname="com.qa.automationconcepts.tests.CrossBrowserParallelTesting" name="doCrossBrowserParallelTest" time="4.480"/>
</testsuite> <!-- com.qa.automationconcepts.tests.CrossBrowserParallelTesting -->
