<?xml version="1.0" encoding="UTF-8"?>
<!-- Generated by org.testng.reporters.JUnitReportReporter -->
<testsuite hostname="Haritha" failures="0" tests="3" name="com.qa.automationconcepts.tests.EncapsulationLoginPageTest" time="4.031" errors="0" timestamp="2024-09-13T14:10:20 CDT" skipped="0">
  <testcase classname="com.qa.automationconcepts.tests.EncapsulationLoginPageTest" name="titleTest" time="0.018"/>
  <testcase classname="com.qa.automationconcepts.tests.EncapsulationLoginPageTest" name="doLoginTest" time="2.024"/>
  <testcase classname="com.qa.automationconcepts.tests.EncapsulationLoginPageTest" name="doLoginTest" time="1.989"/>
</testsuite> <!-- com.qa.automationconcepts.tests.EncapsulationLoginPageTest -->
