<?xml version="1.0" encoding="UTF-8"?>
<!-- Generated by org.testng.reporters.JUnitReportReporter -->
<testsuite hostname="Haritha" failures="0" tests="3" name="com.qa.automationconcepts.tests.CrossParallelBrowserTestingAttempt1" time="10.597" errors="0" timestamp="2024-10-10T19:22:46 CDT" skipped="0">
  <testcase classname="com.qa.automationconcepts.tests.CrossParallelBrowserTestingAttempt1" name="crossparallel" time="4.666"/>
  <testcase classname="com.qa.automationconcepts.tests.CrossParallelBrowserTestingAttempt1" name="crossparallel" time="3.259"/>
  <testcase classname="com.qa.automationconcepts.tests.CrossParallelBrowserTestingAttempt1" name="crossparallel" time="2.672"/>
</testsuite> <!-- com.qa.automationconcepts.tests.CrossParallelBrowserTestingAttempt1 -->
