<?xml version="1.0" encoding="UTF-8"?>
<!-- Generated by org.testng.reporters.JUnitReportReporter -->
<testsuite hostname="Haritha" failures="0" tests="1" name="com.qa.automationconcepts.tests.CrossBrowserParallelTesting" time="5.457" errors="0" timestamp="2024-09-04T11:43:22 CDT" skipped="0">
  <testcase classname="com.qa.automationconcepts.tests.CrossBrowserParallelTesting" name="TestCrossParallel" time="5.457"/>
</testsuite> <!-- com.qa.automationconcepts.tests.CrossBrowserParallelTesting -->
